Determining if the pthread_create exist failed with the following output:
Change Dir: /home/nvidia/perception_module/src/object_detection/src/nms/build/CMakeFiles/CMakeTmp

Run Build Command:"/usr/bin/make" "cmTC_ac7df/fast"
/usr/bin/make -f CMakeFiles/cmTC_ac7df.dir/build.make CMakeFiles/cmTC_ac7df.dir/build
make[1]: Entering directory '/home/nvidia/perception_module/src/object_detection/src/nms/build/CMakeFiles/CMakeTmp'
Building C object CMakeFiles/cmTC_ac7df.dir/CheckSymbolExists.c.o
/usr/bin/cc    -o CMakeFiles/cmTC_ac7df.dir/CheckSymbolExists.c.o   -c /home/nvidia/perception_module/src/object_detection/src/nms/build/CMakeFiles/CMakeTmp/CheckSymbolExists.c
Linking C executable cmTC_ac7df
/usr/bin/cmake -E cmake_link_script CMakeFiles/cmTC_ac7df.dir/link.txt --verbose=1
/usr/bin/cc      -rdynamic CMakeFiles/cmTC_ac7df.dir/CheckSymbolExists.c.o  -o cmTC_ac7df 
CMakeFiles/cmTC_ac7df.dir/CheckSymbolExists.c.o: In function `main':
CheckSymbolExists.c:(.text+0x14): undefined reference to `pthread_create'
CheckSymbolExists.c:(.text+0x18): undefined reference to `pthread_create'
collect2: error: ld returned 1 exit status
CMakeFiles/cmTC_ac7df.dir/build.make:97: recipe for target 'cmTC_ac7df' failed
make[1]: *** [cmTC_ac7df] Error 1
make[1]: Leaving directory '/home/nvidia/perception_module/src/object_detection/src/nms/build/CMakeFiles/CMakeTmp'
Makefile:126: recipe for target 'cmTC_ac7df/fast' failed
make: *** [cmTC_ac7df/fast] Error 2

File /home/nvidia/perception_module/src/object_detection/src/nms/build/CMakeFiles/CMakeTmp/CheckSymbolExists.c:
/* */
#include <pthread.h>

int main(int argc, char** argv)
{
  (void)argv;
#ifndef pthread_create
  return ((int*)(&pthread_create))[argc];
#else
  (void)argc;
  return 0;
#endif
}

Determining if the function pthread_create exists in the pthreads failed with the following output:
Change Dir: /home/nvidia/perception_module/src/object_detection/src/nms/build/CMakeFiles/CMakeTmp

Run Build Command:"/usr/bin/make" "cmTC_30984/fast"
/usr/bin/make -f CMakeFiles/cmTC_30984.dir/build.make CMakeFiles/cmTC_30984.dir/build
make[1]: Entering directory '/home/nvidia/perception_module/src/object_detection/src/nms/build/CMakeFiles/CMakeTmp'
Building C object CMakeFiles/cmTC_30984.dir/CheckFunctionExists.c.o
/usr/bin/cc   -DCHECK_FUNCTION_EXISTS=pthread_create   -o CMakeFiles/cmTC_30984.dir/CheckFunctionExists.c.o   -c /usr/share/cmake-3.10/Modules/CheckFunctionExists.c
Linking C executable cmTC_30984
/usr/bin/cmake -E cmake_link_script CMakeFiles/cmTC_30984.dir/link.txt --verbose=1
/usr/bin/cc  -DCHECK_FUNCTION_EXISTS=pthread_create    -rdynamic CMakeFiles/cmTC_30984.dir/CheckFunctionExists.c.o  -o cmTC_30984 -lpthreads 
/usr/bin/ld: cannot find -lpthreads
collect2: error: ld returned 1 exit status
CMakeFiles/cmTC_30984.dir/build.make:97: recipe for target 'cmTC_30984' failed
make[1]: *** [cmTC_30984] Error 1
make[1]: Leaving directory '/home/nvidia/perception_module/src/object_detection/src/nms/build/CMakeFiles/CMakeTmp'
Makefile:126: recipe for target 'cmTC_30984/fast' failed
make: *** [cmTC_30984/fast] Error 2


