Determining if the pthread_create exist failed with the following output:
Change Dir: /home/nvidia/perception_module/build/CMakeFiles/CMakeTmp

Run Build Command:"/usr/bin/make" "cmTC_d288e/fast"
/usr/bin/make -f CMakeFiles/cmTC_d288e.dir/build.make CMakeFiles/cmTC_d288e.dir/build
make[1]: Entering directory '/home/nvidia/perception_module/build/CMakeFiles/CMakeTmp'
Building C object CMakeFiles/cmTC_d288e.dir/CheckSymbolExists.c.o
/usr/bin/cc    -o CMakeFiles/cmTC_d288e.dir/CheckSymbolExists.c.o   -c /home/nvidia/perception_module/build/CMakeFiles/CMakeTmp/CheckSymbolExists.c
Linking C executable cmTC_d288e
/usr/bin/cmake -E cmake_link_script CMakeFiles/cmTC_d288e.dir/link.txt --verbose=1
/usr/bin/cc      -rdynamic CMakeFiles/cmTC_d288e.dir/CheckSymbolExists.c.o  -o cmTC_d288e 
CMakeFiles/cmTC_d288e.dir/CheckSymbolExists.c.o: In function `main':
CheckSymbolExists.c:(.text+0x14): undefined reference to `pthread_create'
CheckSymbolExists.c:(.text+0x18): undefined reference to `pthread_create'
collect2: error: ld returned 1 exit status
CMakeFiles/cmTC_d288e.dir/build.make:97: recipe for target 'cmTC_d288e' failed
make[1]: *** [cmTC_d288e] Error 1
make[1]: Leaving directory '/home/nvidia/perception_module/build/CMakeFiles/CMakeTmp'
Makefile:126: recipe for target 'cmTC_d288e/fast' failed
make: *** [cmTC_d288e/fast] Error 2

File /home/nvidia/perception_module/build/CMakeFiles/CMakeTmp/CheckSymbolExists.c:
/* */
#include <pthread.h>

int main(int argc, char** argv)
{
  (void)argv;
#ifndef pthread_create
  return ((int*)(&pthread_create))[argc];
#else
  (void)argc;
  return 0;
#endif
}

Determining if the function pthread_create exists in the pthreads failed with the following output:
Change Dir: /home/nvidia/perception_module/build/CMakeFiles/CMakeTmp

Run Build Command:"/usr/bin/make" "cmTC_75b79/fast"
/usr/bin/make -f CMakeFiles/cmTC_75b79.dir/build.make CMakeFiles/cmTC_75b79.dir/build
make[1]: Entering directory '/home/nvidia/perception_module/build/CMakeFiles/CMakeTmp'
Building C object CMakeFiles/cmTC_75b79.dir/CheckFunctionExists.c.o
/usr/bin/cc   -DCHECK_FUNCTION_EXISTS=pthread_create   -o CMakeFiles/cmTC_75b79.dir/CheckFunctionExists.c.o   -c /usr/share/cmake-3.10/Modules/CheckFunctionExists.c
Linking C executable cmTC_75b79
/usr/bin/cmake -E cmake_link_script CMakeFiles/cmTC_75b79.dir/link.txt --verbose=1
/usr/bin/cc  -DCHECK_FUNCTION_EXISTS=pthread_create    -rdynamic CMakeFiles/cmTC_75b79.dir/CheckFunctionExists.c.o  -o cmTC_75b79 -lpthreads 
/usr/bin/ld: cannot find -lpthreads
collect2: error: ld returned 1 exit status
CMakeFiles/cmTC_75b79.dir/build.make:97: recipe for target 'cmTC_75b79' failed
make[1]: *** [cmTC_75b79] Error 1
make[1]: Leaving directory '/home/nvidia/perception_module/build/CMakeFiles/CMakeTmp'
Makefile:126: recipe for target 'cmTC_75b79/fast' failed
make: *** [cmTC_75b79/fast] Error 2


